2012/12/04 16:36:28 [error] [exception.CException] exception 'CException' with message '属性 "GradeItem.$gradeitem" 未被定义.' in D:\warp\wamp\www\framework\base\CComponent.php:131
Stack trace:
#0 D:\warp\wamp\www\framework\db\ar\CActiveRecord.php(129): CComponent->__get('$gradeitem')
#1 D:\warp\wamp\www\framework\web\helpers\CHtml.php(2063): CActiveRecord->__get('$gradeitem')
#2 D:\warp\wamp\www\framework\web\helpers\CHtml.php(1493): CHtml::resolveValue(Object(GradeItem), '$gradeitem')
#3 D:\warp\wamp\www\framework\web\widgets\CActiveForm.php(706): CHtml::activeCheckBoxList(Object(GradeItem), '$gradeitem', Array, Array)
#4 D:\warp\wamp\www\widgetgrade\protected\views\admin\addGrade.php(12): CActiveForm->checkBoxList(Object(GradeItem), '$gradeitem', Array, Array)
#5 D:\warp\wamp\www\framework\web\CBaseController.php(119): require('D:\warp\wamp\ww...')
#6 D:\warp\wamp\www\framework\web\CBaseController.php(88): CBaseController->renderInternal('D:\warp\wamp\ww...', Array, true)
#7 D:\warp\wamp\www\framework\web\CController.php(866): CBaseController->renderFile('D:\warp\wamp\ww...', Array, true)
#8 D:\warp\wamp\www\framework\web\CController.php(779): CController->renderPartial('addGrade', Array, true)
#9 D:\warp\wamp\www\widgetgrade\protected\controllers\AdminController.php(17): CController->render('addGrade', Array)
#10 D:\warp\wamp\www\framework\web\actions\CInlineAction.php(50): AdminController->actionAdd()
#11 D:\warp\wamp\www\framework\web\CController.php(300): CInlineAction->runWithParams(Array)
#12 D:\warp\wamp\www\framework\web\CController.php(278): CController->runAction(Object(CInlineAction))
#13 D:\warp\wamp\www\framework\web\CController.php(257): CController->runActionWithFilters(Object(CInlineAction), Array)
#14 D:\warp\wamp\www\framework\web\CWebApplication.php(277): CController->run('add')
#15 D:\warp\wamp\www\framework\web\CWebApplication.php(136): CWebApplication->runController('admin/add')
#16 D:\warp\wamp\www\framework\base\CApplication.php(158): CWebApplication->processRequest()
#17 D:\warp\wamp\www\widgetgrade\index.php(13): CApplication->run()
#18 {main} REQUEST_URI=/widgetgrade/index.php/admin/add
2012/12/04 16:36:33 [error] [exception.CException] exception 'CException' with message '属性 "GradeItem.$gradeitem" 未被定义.' in D:\warp\wamp\www\framework\base\CComponent.php:131
Stack trace:
#0 D:\warp\wamp\www\framework\db\ar\CActiveRecord.php(129): CComponent->__get('$gradeitem')
#1 D:\warp\wamp\www\framework\web\helpers\CHtml.php(2063): CActiveRecord->__get('$gradeitem')
#2 D:\warp\wamp\www\framework\web\helpers\CHtml.php(1493): CHtml::resolveValue(Object(GradeItem), '$gradeitem')
#3 D:\warp\wamp\www\framework\web\widgets\CActiveForm.php(706): CHtml::activeCheckBoxList(Object(GradeItem), '$gradeitem', Array, Array)
#4 D:\warp\wamp\www\widgetgrade\protected\views\admin\addGrade.php(12): CActiveForm->checkBoxList(Object(GradeItem), '$gradeitem', Array, Array)
#5 D:\warp\wamp\www\framework\web\CBaseController.php(119): require('D:\warp\wamp\ww...')
#6 D:\warp\wamp\www\framework\web\CBaseController.php(88): CBaseController->renderInternal('D:\warp\wamp\ww...', Array, true)
#7 D:\warp\wamp\www\framework\web\CController.php(866): CBaseController->renderFile('D:\warp\wamp\ww...', Array, true)
#8 D:\warp\wamp\www\framework\web\CController.php(779): CController->renderPartial('addGrade', Array, true)
#9 D:\warp\wamp\www\widgetgrade\protected\controllers\AdminController.php(17): CController->render('addGrade', Array)
#10 D:\warp\wamp\www\framework\web\actions\CInlineAction.php(50): AdminController->actionAdd()
#11 D:\warp\wamp\www\framework\web\CController.php(300): CInlineAction->runWithParams(Array)
#12 D:\warp\wamp\www\framework\web\CController.php(278): CController->runAction(Object(CInlineAction))
#13 D:\warp\wamp\www\framework\web\CController.php(257): CController->runActionWithFilters(Object(CInlineAction), Array)
#14 D:\warp\wamp\www\framework\web\CWebApplication.php(277): CController->run('add')
#15 D:\warp\wamp\www\framework\web\CWebApplication.php(136): CWebApplication->runController('admin/add')
#16 D:\warp\wamp\www\framework\base\CApplication.php(158): CWebApplication->processRequest()
#17 D:\warp\wamp\www\widgetgrade\index.php(13): CApplication->run()
#18 {main} REQUEST_URI=/widgetgrade/index.php/admin/add
2012/12/04 16:37:26 [error] [exception.CException] exception 'CException' with message '属性 "GradeItem.$gradeitem" 未被定义.' in D:\warp\wamp\www\framework\base\CComponent.php:131
Stack trace:
#0 D:\warp\wamp\www\framework\db\ar\CActiveRecord.php(129): CComponent->__get('$gradeitem')
#1 D:\warp\wamp\www\framework\web\helpers\CHtml.php(2063): CActiveRecord->__get('$gradeitem')
#2 D:\warp\wamp\www\framework\web\helpers\CHtml.php(1493): CHtml::resolveValue(Object(GradeItem), '$gradeitem')
#3 D:\warp\wamp\www\framework\web\widgets\CActiveForm.php(706): CHtml::activeCheckBoxList(Object(GradeItem), '$gradeitem', Array, Array)
#4 D:\warp\wamp\www\widgetgrade\protected\views\admin\addGrade.php(12): CActiveForm->checkBoxList(Object(GradeItem), '$gradeitem', Array, Array)
#5 D:\warp\wamp\www\framework\web\CBaseController.php(119): require('D:\warp\wamp\ww...')
#6 D:\warp\wamp\www\framework\web\CBaseController.php(88): CBaseController->renderInternal('D:\warp\wamp\ww...', Array, true)
#7 D:\warp\wamp\www\framework\web\CController.php(866): CBaseController->renderFile('D:\warp\wamp\ww...', Array, true)
#8 D:\warp\wamp\www\framework\web\CController.php(779): CController->renderPartial('addGrade', Array, true)
#9 D:\warp\wamp\www\widgetgrade\protected\controllers\AdminController.php(17): CController->render('addGrade', Array)
#10 D:\warp\wamp\www\framework\web\actions\CInlineAction.php(50): AdminController->actionAdd()
#11 D:\warp\wamp\www\framework\web\CController.php(300): CInlineAction->runWithParams(Array)
#12 D:\warp\wamp\www\framework\web\CController.php(278): CController->runAction(Object(CInlineAction))
#13 D:\warp\wamp\www\framework\web\CController.php(257): CController->runActionWithFilters(Object(CInlineAction), Array)
#14 D:\warp\wamp\www\framework\web\CWebApplication.php(277): CController->run('add')
#15 D:\warp\wamp\www\framework\web\CWebApplication.php(136): CWebApplication->runController('admin/add')
#16 D:\warp\wamp\www\framework\base\CApplication.php(158): CWebApplication->processRequest()
#17 D:\warp\wamp\www\widgetgrade\index.php(13): CApplication->run()
#18 {main} REQUEST_URI=/widgetgrade/index.php/admin/add
2012/12/04 16:38:13 [error] [exception.CException] exception 'CException' with message '属性 "Grade.creatertime" 未被定义.' in D:\warp\wamp\www\framework\base\CComponent.php:131
Stack trace:
#0 D:\warp\wamp\www\framework\db\ar\CActiveRecord.php(129): CComponent->__get('creatertime')
#1 D:\warp\wamp\www\framework\web\helpers\CHtml.php(2063): CActiveRecord->__get('creatertime')
#2 D:\warp\wamp\www\framework\web\helpers\CHtml.php(1791): CHtml::resolveValue(Object(Grade), 'creatertime')
#3 D:\warp\wamp\www\framework\web\helpers\CHtml.php(1199): CHtml::activeInputField('text', Object(Grade), 'creatertime', Array)
#4 D:\warp\wamp\www\framework\web\widgets\CActiveForm.php(568): CHtml::activeTextField(Object(Grade), 'creatertime', Array)
#5 D:\warp\wamp\www\widgetgrade\protected\views\admin\addGrade.php(15): CActiveForm->textField(Object(Grade), 'creatertime')
#6 D:\warp\wamp\www\framework\web\CBaseController.php(119): require('D:\warp\wamp\ww...')
#7 D:\warp\wamp\www\framework\web\CBaseController.php(88): CBaseController->renderInternal('D:\warp\wamp\ww...', Array, true)
#8 D:\warp\wamp\www\framework\web\CController.php(866): CBaseController->renderFile('D:\warp\wamp\ww...', Array, true)
#9 D:\warp\wamp\www\framework\web\CController.php(779): CController->renderPartial('addGrade', Array, true)
#10 D:\warp\wamp\www\widgetgrade\protected\controllers\AdminController.php(17): CController->render('addGrade', Array)
#11 D:\warp\wamp\www\framework\web\actions\CInlineAction.php(50): AdminController->actionAdd()
#12 D:\warp\wamp\www\framework\web\CController.php(300): CInlineAction->runWithParams(Array)
#13 D:\warp\wamp\www\framework\web\CController.php(278): CController->runAction(Object(CInlineAction))
#14 D:\warp\wamp\www\framework\web\CController.php(257): CController->runActionWithFilters(Object(CInlineAction), Array)
#15 D:\warp\wamp\www\framework\web\CWebApplication.php(277): CController->run('add')
#16 D:\warp\wamp\www\framework\web\CWebApplication.php(136): CWebApplication->runController('admin/add')
#17 D:\warp\wamp\www\framework\base\CApplication.php(158): CWebApplication->processRequest()
#18 D:\warp\wamp\www\widgetgrade\index.php(13): CApplication->run()
#19 {main} REQUEST_URI=/widgetgrade/index.php/admin/add
2012/12/05 01:01:33 [error] [exception.CException] exception 'CException' with message '属性 "GradeCategory.categoryname" 未被定义.' in D:\warp\wamp\www\framework\base\CComponent.php:131
Stack trace:
#0 D:\warp\wamp\www\framework\db\ar\CActiveRecord.php(129): CComponent->__get('categoryname')
#1 D:\warp\wamp\www\framework\web\helpers\CHtml.php(2063): CActiveRecord->__get('categoryname')
#2 D:\warp\wamp\www\framework\web\helpers\CHtml.php(1493): CHtml::resolveValue(Object(GradeCategory), 'categoryname')
#3 D:\warp\wamp\www\framework\web\widgets\CActiveForm.php(706): CHtml::activeCheckBoxList(Object(GradeCategory), 'categoryname', Array, Array)
#4 D:\warp\wamp\www\widgetgrade\protected\views\admin\addGrade.php(14): CActiveForm->checkBoxList(Object(GradeCategory), 'categoryname', Array, Array)
#5 D:\warp\wamp\www\framework\web\CBaseController.php(119): require('D:\warp\wamp\ww...')
#6 D:\warp\wamp\www\framework\web\CBaseController.php(88): CBaseController->renderInternal('D:\warp\wamp\ww...', Array, true)
#7 D:\warp\wamp\www\framework\web\CController.php(866): CBaseController->renderFile('D:\warp\wamp\ww...', Array, true)
#8 D:\warp\wamp\www\framework\web\CController.php(779): CController->renderPartial('addGrade', Array, true)
#9 D:\warp\wamp\www\widgetgrade\protected\controllers\AdminController.php(19): CController->render('addGrade', Array)
#10 D:\warp\wamp\www\framework\web\actions\CInlineAction.php(50): AdminController->actionAdd()
#11 D:\warp\wamp\www\framework\web\CController.php(300): CInlineAction->runWithParams(Array)
#12 D:\warp\wamp\www\framework\web\CController.php(278): CController->runAction(Object(CInlineAction))
#13 D:\warp\wamp\www\framework\web\CController.php(257): CController->runActionWithFilters(Object(CInlineAction), Array)
#14 D:\warp\wamp\www\framework\web\CWebApplication.php(277): CController->run('add')
#15 D:\warp\wamp\www\framework\web\CWebApplication.php(136): CWebApplication->runController('admin/add')
#16 D:\warp\wamp\www\framework\base\CApplication.php(158): CWebApplication->processRequest()
#17 D:\warp\wamp\www\widgetgrade\index.php(13): CApplication->run()
#18 {main} REQUEST_URI=/widgetgrade/index.php/admin/add
2012/12/05 01:10:23 [error] [exception.CHttpException.404] exception 'CHttpException' with message '系统无法找到请求的 "admin" 动作.' in D:\warp\wamp\www\framework\web\CController.php:477
Stack trace:
#0 D:\warp\wamp\www\framework\web\CController.php(262): CController->missingAction('admin')
#1 D:\warp\wamp\www\framework\web\CWebApplication.php(277): CController->run('admin')
#2 D:\warp\wamp\www\framework\web\CWebApplication.php(136): CWebApplication->runController('admin/admin/get...')
#3 D:\warp\wamp\www\framework\base\CApplication.php(158): CWebApplication->processRequest()
#4 D:\warp\wamp\www\widgetgrade\index.php(13): CApplication->run()
#5 {main} REQUEST_URI=/widgetgrade/index.php/admin/admin/getGrade
2012/12/05 01:10:43 [error] [exception.CHttpException.404] exception 'CHttpException' with message '系统无法找到请求的 "admin" 动作.' in D:\warp\wamp\www\framework\web\CController.php:477
Stack trace:
#0 D:\warp\wamp\www\framework\web\CController.php(262): CController->missingAction('admin')
#1 D:\warp\wamp\www\framework\web\CWebApplication.php(277): CController->run('admin')
#2 D:\warp\wamp\www\framework\web\CWebApplication.php(136): CWebApplication->runController('admin/admin/get...')
#3 D:\warp\wamp\www\framework\base\CApplication.php(158): CWebApplication->processRequest()
#4 D:\warp\wamp\www\widgetgrade\index.php(13): CApplication->run()
#5 {main} REQUEST_URI=/widgetgrade/index.php/admin/admin/getGrade
2012/12/05 01:10:46 [error] [exception.CHttpException.404] exception 'CHttpException' with message '系统无法找到请求的 "admin" 动作.' in D:\warp\wamp\www\framework\web\CController.php:477
Stack trace:
#0 D:\warp\wamp\www\framework\web\CController.php(262): CController->missingAction('admin')
#1 D:\warp\wamp\www\framework\web\CWebApplication.php(277): CController->run('admin')
#2 D:\warp\wamp\www\framework\web\CWebApplication.php(136): CWebApplication->runController('admin/admin/get...')
#3 D:\warp\wamp\www\framework\base\CApplication.php(158): CWebApplication->processRequest()
#4 D:\warp\wamp\www\widgetgrade\index.php(13): CApplication->run()
#5 {main} REQUEST_URI=/widgetgrade/index.php/admin/admin/getGrade
2012/12/05 02:11:34 [error] [php] Undefined index: file (D:\warp\wamp\www\widgetgrade\protected\controllers\AdminController.php:32)
Stack trace:
#0 D:\warp\wamp\www\framework\web\CController.php(278): AdminController->runAction()
#1 D:\warp\wamp\www\framework\web\CController.php(257): AdminController->runActionWithFilters()
#2 D:\warp\wamp\www\framework\web\CWebApplication.php(277): AdminController->run()
#3 D:\warp\wamp\www\framework\web\CWebApplication.php(136): CWebApplication->runController()
#4 D:\warp\wamp\www\framework\base\CApplication.php(158): CWebApplication->processRequest()
#5 D:\warp\wamp\www\widgetgrade\index.php(13): CWebApplication->run()
REQUEST_URI=/widgetgrade/index.php/admin/getGrade
in D:\warp\wamp\www\widgetgrade\protected\controllers\AdminController.php (32)
in D:\warp\wamp\www\widgetgrade\index.php (13)
2012/12/05 02:18:30 [error] [php] Undefined index: file (D:\warp\wamp\www\widgetgrade\protected\controllers\AdminController.php:33)
Stack trace:
#0 D:\warp\wamp\www\framework\web\CController.php(278): AdminController->runAction()
#1 D:\warp\wamp\www\framework\web\CController.php(257): AdminController->runActionWithFilters()
#2 D:\warp\wamp\www\framework\web\CWebApplication.php(277): AdminController->run()
#3 D:\warp\wamp\www\framework\web\CWebApplication.php(136): CWebApplication->runController()
#4 D:\warp\wamp\www\framework\base\CApplication.php(158): CWebApplication->processRequest()
#5 D:\warp\wamp\www\widgetgrade\index.php(13): CWebApplication->run()
REQUEST_URI=/widgetgrade/index.php/admin/getGrade
in D:\warp\wamp\www\widgetgrade\protected\controllers\AdminController.php (33)
in D:\warp\wamp\www\widgetgrade\index.php (13)
2012/12/05 02:24:03 [error] [php] Use of undefined constant file - assumed 'file' (D:\warp\wamp\www\widgetgrade\protected\controllers\AdminController.php:31)
Stack trace:
#0 D:\warp\wamp\www\framework\web\CController.php(278): AdminController->runAction()
#1 D:\warp\wamp\www\framework\web\CController.php(257): AdminController->runActionWithFilters()
#2 D:\warp\wamp\www\framework\web\CWebApplication.php(277): AdminController->run()
#3 D:\warp\wamp\www\framework\web\CWebApplication.php(136): CWebApplication->runController()
#4 D:\warp\wamp\www\framework\base\CApplication.php(158): CWebApplication->processRequest()
#5 D:\warp\wamp\www\widgetgrade\index.php(13): CWebApplication->run()
REQUEST_URI=/widgetgrade/index.php/admin/getGrade
in D:\warp\wamp\www\widgetgrade\protected\controllers\AdminController.php (31)
in D:\warp\wamp\www\widgetgrade\index.php (13)
2012/12/05 02:29:48 [error] [php] mb_strlen() expects parameter 1 to be string, array given (D:\warp\wamp\www\framework\validators\CStringValidator.php:72)
Stack trace:
#0 D:\warp\wamp\www\framework\base\CModel.php(152): CStringValidator->validate()
#1 D:\warp\wamp\www\framework\db\ar\CActiveRecord.php(780): GradeCategory->validate()
#2 D:\warp\wamp\www\widgetgrade\protected\controllers\AdminController.php(56): GradeCategory->save()
#3 D:\warp\wamp\www\framework\web\actions\CInlineAction.php(50): AdminController->actionGetGrade()
#4 D:\warp\wamp\www\framework\web\CController.php(300): CInlineAction->runWithParams()
#5 D:\warp\wamp\www\framework\web\CController.php(278): AdminController->runAction()
#6 D:\warp\wamp\www\framework\web\CController.php(257): AdminController->runActionWithFilters()
#7 D:\warp\wamp\www\framework\web\CWebApplication.php(277): AdminController->run()
#8 D:\warp\wamp\www\framework\web\CWebApplication.php(136): CWebApplication->runController()
#9 D:\warp\wamp\www\framework\base\CApplication.php(158): CWebApplication->processRequest()
#10 D:\warp\wamp\www\widgetgrade\index.php(13): CWebApplication->run()
REQUEST_URI=/widgetgrade/index.php/admin/getGrade
in D:\warp\wamp\www\widgetgrade\protected\controllers\AdminController.php (56)
in D:\warp\wamp\www\widgetgrade\index.php (13)
2012/12/05 03:07:32 [error] [exception.CHttpException.404] exception 'CHttpException' with message '系统无法找到请求的 "GradeValue" 动作.' in D:\warp\wamp\www\framework\web\CController.php:477
Stack trace:
#0 D:\warp\wamp\www\framework\web\CController.php(262): CController->missingAction('GradeValue')
#1 D:\warp\wamp\www\framework\web\CWebApplication.php(277): CController->run('GradeValue')
#2 D:\warp\wamp\www\framework\web\CWebApplication.php(136): CWebApplication->runController('admin/GradeValu...')
#3 D:\warp\wamp\www\framework\base\CApplication.php(158): CWebApplication->processRequest()
#4 D:\warp\wamp\www\widgetgrade\index.php(13): CApplication->run()
#5 {main} REQUEST_URI=/widgetgrade/index.php/admin/GradeValue
2012/12/05 03:07:43 [error] [php] Undefined variable: grade (D:\warp\wamp\www\widgetgrade\protected\views\admin\addGradeValue.php:2)
Stack trace:
#0 D:\warp\wamp\www\framework\web\CController.php(866): AdminController->renderFile()
#1 D:\warp\wamp\www\framework\web\CController.php(779): AdminController->renderPartial()
#2 D:\warp\wamp\www\widgetgrade\protected\controllers\AdminController.php(74): AdminController->render()
#3 D:\warp\wamp\www\framework\web\actions\CInlineAction.php(50): AdminController->actionGetGradeValue()
#4 D:\warp\wamp\www\framework\web\CController.php(300): CInlineAction->runWithParams()
#5 D:\warp\wamp\www\framework\web\CController.php(278): AdminController->runAction()
#6 D:\warp\wamp\www\framework\web\CController.php(257): AdminController->runActionWithFilters()
#7 D:\warp\wamp\www\framework\web\CWebApplication.php(277): AdminController->run()
#8 D:\warp\wamp\www\framework\web\CWebApplication.php(136): CWebApplication->runController()
#9 D:\warp\wamp\www\framework\base\CApplication.php(158): CWebApplication->processRequest()
#10 D:\warp\wamp\www\widgetgrade\index.php(13): CWebApplication->run()
REQUEST_URI=/widgetgrade/index.php/admin/getGradeValue
in D:\warp\wamp\www\widgetgrade\protected\views\admin\addGradeValue.php (2)
in D:\warp\wamp\www\widgetgrade\protected\controllers\AdminController.php (74)
in D:\warp\wamp\www\widgetgrade\index.php (13)
2012/12/05 03:10:21 [error] [php] Undefined variable: gradeItems (D:\warp\wamp\www\widgetgrade\protected\views\admin\addGradeValue.php:20)
Stack trace:
#0 D:\warp\wamp\www\framework\web\CController.php(866): AdminController->renderFile()
#1 D:\warp\wamp\www\framework\web\CController.php(779): AdminController->renderPartial()
#2 D:\warp\wamp\www\widgetgrade\protected\controllers\AdminController.php(80): AdminController->render()
#3 D:\warp\wamp\www\framework\web\actions\CInlineAction.php(50): AdminController->actionGetGradeValue()
#4 D:\warp\wamp\www\framework\web\CController.php(300): CInlineAction->runWithParams()
#5 D:\warp\wamp\www\framework\web\CController.php(278): AdminController->runAction()
#6 D:\warp\wamp\www\framework\web\CController.php(257): AdminController->runActionWithFilters()
#7 D:\warp\wamp\www\framework\web\CWebApplication.php(277): AdminController->run()
#8 D:\warp\wamp\www\framework\web\CWebApplication.php(136): CWebApplication->runController()
#9 D:\warp\wamp\www\framework\base\CApplication.php(158): CWebApplication->processRequest()
#10 D:\warp\wamp\www\widgetgrade\index.php(13): CWebApplication->run()
REQUEST_URI=/widgetgrade/index.php/admin/getGradeValue
in D:\warp\wamp\www\widgetgrade\protected\views\admin\addGradeValue.php (20)
in D:\warp\wamp\www\widgetgrade\protected\controllers\AdminController.php (80)
in D:\warp\wamp\www\widgetgrade\index.php (13)
2012/12/05 03:25:17 [error] [exception.CHttpException.404] exception 'CHttpException' with message '系统无法找到请求的 "getGradeValue" 动作.' in D:\warp\wamp\www\framework\web\CController.php:477
Stack trace:
#0 D:\warp\wamp\www\framework\web\CController.php(262): CController->missingAction('getGradeValue')
#1 D:\warp\wamp\www\framework\web\CWebApplication.php(277): CController->run('getGradeValue')
#2 D:\warp\wamp\www\framework\web\CWebApplication.php(136): CWebApplication->runController('admin/getGradeV...')
#3 D:\warp\wamp\www\framework\base\CApplication.php(158): CWebApplication->processRequest()
#4 D:\warp\wamp\www\widgetgrade\index.php(13): CApplication->run()
#5 {main} REQUEST_URI=/widgetgrade/index.php/admin/getGradeValue
2012/12/05 03:30:22 [error] [php] Undefined index: GradeItem (D:\warp\wamp\www\widgetgrade\protected\controllers\AdminController.php:92)
Stack trace:
#0 D:\warp\wamp\www\framework\web\CController.php(278): AdminController->runAction()
#1 D:\warp\wamp\www\framework\web\CController.php(257): AdminController->runActionWithFilters()
#2 D:\warp\wamp\www\framework\web\CWebApplication.php(277): AdminController->run()
#3 D:\warp\wamp\www\framework\web\CWebApplication.php(136): CWebApplication->runController()
#4 D:\warp\wamp\www\framework\base\CApplication.php(158): CWebApplication->processRequest()
#5 D:\warp\wamp\www\widgetgrade\index.php(13): CWebApplication->run()
REQUEST_URI=/widgetgrade/index.php/admin/getGradeValue
in D:\warp\wamp\www\widgetgrade\protected\controllers\AdminController.php (92)
in D:\warp\wamp\www\widgetgrade\index.php (13)
2012/12/05 06:18:50 [error] [php] Trying to get property of non-object (D:\warp\wamp\www\widgetgrade\protected\controllers\AdminController.php:96)
Stack trace:
#0 D:\warp\wamp\www\framework\web\CController.php(278): AdminController->runAction()
#1 D:\warp\wamp\www\framework\web\CController.php(257): AdminController->runActionWithFilters()
#2 D:\warp\wamp\www\framework\web\CWebApplication.php(277): AdminController->run()
#3 D:\warp\wamp\www\framework\web\CWebApplication.php(136): CWebApplication->runController()
#4 D:\warp\wamp\www\framework\base\CApplication.php(158): CWebApplication->processRequest()
#5 D:\warp\wamp\www\widgetgrade\index.php(13): CWebApplication->run()
REQUEST_URI=/widgetgrade/index.php/admin/getGradeValue
in D:\warp\wamp\www\widgetgrade\protected\controllers\AdminController.php (96)
in D:\warp\wamp\www\widgetgrade\index.php (13)
2012/12/05 06:38:43 [error] [exception.CException] exception 'CException' with message '属性 "GradeItem.娱乐" 未被定义.' in D:\warp\wamp\www\framework\base\CComponent.php:131
Stack trace:
#0 D:\warp\wamp\www\framework\db\ar\CActiveRecord.php(129): CComponent->__get('??????')
#1 D:\warp\wamp\www\framework\web\helpers\CHtml.php(2063): CActiveRecord->__get('??????')
#2 D:\warp\wamp\www\framework\web\helpers\CHtml.php(1299): CHtml::resolveValue(Object(GradeItem), '??????')
#3 D:\warp\wamp\www\framework\web\widgets\CActiveForm.php(643): CHtml::activeRadioButton(Object(GradeItem), '??????', Array)
#4 D:\warp\wamp\www\widgetgrade\protected\views\admin\addGradeValue.php(26): CActiveForm->radioButton(Object(GradeItem), '??????', Array, Array)
#5 D:\warp\wamp\www\framework\web\CBaseController.php(119): require('D:\warp\wamp\ww...')
#6 D:\warp\wamp\www\framework\web\CBaseController.php(88): CBaseController->renderInternal('D:\warp\wamp\ww...', Array, true)
#7 D:\warp\wamp\www\framework\web\CController.php(866): CBaseController->renderFile('D:\warp\wamp\ww...', Array, true)
#8 D:\warp\wamp\www\framework\web\CController.php(779): CController->renderPartial('addGradeValue', Array, true)
#9 D:\warp\wamp\www\widgetgrade\protected\controllers\AdminController.php(83): CController->render('addGradeValue', Array)
#10 D:\warp\wamp\www\framework\web\actions\CInlineAction.php(50): AdminController->actionShowGradeValue()
#11 D:\warp\wamp\www\framework\web\CController.php(300): CInlineAction->runWithParams(Array)
#12 D:\warp\wamp\www\framework\web\CController.php(278): CController->runAction(Object(CInlineAction))
#13 D:\warp\wamp\www\framework\web\CController.php(257): CController->runActionWithFilters(Object(CInlineAction), Array)
#14 D:\warp\wamp\www\framework\web\CWebApplication.php(277): CController->run('showGradeValue')
#15 D:\warp\wamp\www\framework\web\CWebApplication.php(136): CWebApplication->runController('admin/showGrade...')
#16 D:\warp\wamp\www\framework\base\CApplication.php(158): CWebApplication->processRequest()
#17 D:\warp\wamp\www\widgetgrade\index.php(13): CApplication->run()
#18 {main} REQUEST_URI=/widgetgrade/index.php/admin/showGradeValue
2012/12/05 06:40:02 [error] [exception.CException] exception 'CException' with message '属性 "GradeItem.0" 未被定义.' in D:\warp\wamp\www\framework\base\CComponent.php:131
Stack trace:
#0 D:\warp\wamp\www\framework\db\ar\CActiveRecord.php(129): CComponent->__get('0')
#1 D:\warp\wamp\www\framework\web\helpers\CHtml.php(2063): CActiveRecord->__get('0')
#2 D:\warp\wamp\www\framework\web\helpers\CHtml.php(1299): CHtml::resolveValue(Object(GradeItem), '0')
#3 D:\warp\wamp\www\framework\web\widgets\CActiveForm.php(643): CHtml::activeRadioButton(Object(GradeItem), '0', Array)
#4 D:\warp\wamp\www\widgetgrade\protected\views\admin\addGradeValue.php(26): CActiveForm->radioButton(Object(GradeItem), '0', Array, Array)
#5 D:\warp\wamp\www\framework\web\CBaseController.php(119): require('D:\warp\wamp\ww...')
#6 D:\warp\wamp\www\framework\web\CBaseController.php(88): CBaseController->renderInternal('D:\warp\wamp\ww...', Array, true)
#7 D:\warp\wamp\www\framework\web\CController.php(866): CBaseController->renderFile('D:\warp\wamp\ww...', Array, true)
#8 D:\warp\wamp\www\framework\web\CController.php(779): CController->renderPartial('addGradeValue', Array, true)
#9 D:\warp\wamp\www\widgetgrade\protected\controllers\AdminController.php(83): CController->render('addGradeValue', Array)
#10 D:\warp\wamp\www\framework\web\actions\CInlineAction.php(50): AdminController->actionShowGradeValue()
#11 D:\warp\wamp\www\framework\web\CController.php(300): CInlineAction->runWithParams(Array)
#12 D:\warp\wamp\www\framework\web\CController.php(278): CController->runAction(Object(CInlineAction))
#13 D:\warp\wamp\www\framework\web\CController.php(257): CController->runActionWithFilters(Object(CInlineAction), Array)
#14 D:\warp\wamp\www\framework\web\CWebApplication.php(277): CController->run('showGradeValue')
#15 D:\warp\wamp\www\framework\web\CWebApplication.php(136): CWebApplication->runController('admin/showGrade...')
#16 D:\warp\wamp\www\framework\base\CApplication.php(158): CWebApplication->processRequest()
#17 D:\warp\wamp\www\widgetgrade\index.php(13): CApplication->run()
#18 {main} REQUEST_URI=/widgetgrade/index.php/admin/showGradeValue
2012/12/05 06:40:03 [error] [exception.CException] exception 'CException' with message '属性 "GradeItem.0" 未被定义.' in D:\warp\wamp\www\framework\base\CComponent.php:131
Stack trace:
#0 D:\warp\wamp\www\framework\db\ar\CActiveRecord.php(129): CComponent->__get('0')
#1 D:\warp\wamp\www\framework\web\helpers\CHtml.php(2063): CActiveRecord->__get('0')
#2 D:\warp\wamp\www\framework\web\helpers\CHtml.php(1299): CHtml::resolveValue(Object(GradeItem), '0')
#3 D:\warp\wamp\www\framework\web\widgets\CActiveForm.php(643): CHtml::activeRadioButton(Object(GradeItem), '0', Array)
#4 D:\warp\wamp\www\widgetgrade\protected\views\admin\addGradeValue.php(26): CActiveForm->radioButton(Object(GradeItem), '0', Array, Array)
#5 D:\warp\wamp\www\framework\web\CBaseController.php(119): require('D:\warp\wamp\ww...')
#6 D:\warp\wamp\www\framework\web\CBaseController.php(88): CBaseController->renderInternal('D:\warp\wamp\ww...', Array, true)
#7 D:\warp\wamp\www\framework\web\CController.php(866): CBaseController->renderFile('D:\warp\wamp\ww...', Array, true)
#8 D:\warp\wamp\www\framework\web\CController.php(779): CController->renderPartial('addGradeValue', Array, true)
#9 D:\warp\wamp\www\widgetgrade\protected\controllers\AdminController.php(83): CController->render('addGradeValue', Array)
#10 D:\warp\wamp\www\framework\web\actions\CInlineAction.php(50): AdminController->actionShowGradeValue()
#11 D:\warp\wamp\www\framework\web\CController.php(300): CInlineAction->runWithParams(Array)
#12 D:\warp\wamp\www\framework\web\CController.php(278): CController->runAction(Object(CInlineAction))
#13 D:\warp\wamp\www\framework\web\CController.php(257): CController->runActionWithFilters(Object(CInlineAction), Array)
#14 D:\warp\wamp\www\framework\web\CWebApplication.php(277): CController->run('showGradeValue')
#15 D:\warp\wamp\www\framework\web\CWebApplication.php(136): CWebApplication->runController('admin/showGrade...')
#16 D:\warp\wamp\www\framework\base\CApplication.php(158): CWebApplication->processRequest()
#17 D:\warp\wamp\www\widgetgrade\index.php(13): CApplication->run()
#18 {main} REQUEST_URI=/widgetgrade/index.php/admin/showGradeValue
2012/12/05 06:50:38 [error] [php] strcmp() expects parameter 2 to be string, array given (D:\warp\wamp\www\framework\web\helpers\CHtml.php:940)
Stack trace:
#0 D:\warp\wamp\www\framework\web\CBaseController.php(119): require()
#1 D:\warp\wamp\www\framework\web\CBaseController.php(88): AdminController->renderInternal()
#2 D:\warp\wamp\www\framework\web\CController.php(866): AdminController->renderFile()
#3 D:\warp\wamp\www\framework\web\CController.php(779): AdminController->renderPartial()
#4 D:\warp\wamp\www\widgetgrade\protected\controllers\AdminController.php(83): AdminController->render()
#5 D:\warp\wamp\www\framework\web\actions\CInlineAction.php(50): AdminController->actionShowGradeValue()
#6 D:\warp\wamp\www\framework\web\CController.php(300): CInlineAction->runWithParams()
#7 D:\warp\wamp\www\framework\web\CController.php(278): AdminController->runAction()
#8 D:\warp\wamp\www\framework\web\CController.php(257): AdminController->runActionWithFilters()
#9 D:\warp\wamp\www\framework\web\CWebApplication.php(277): AdminController->run()
#10 D:\warp\wamp\www\framework\web\CWebApplication.php(136): CWebApplication->runController()
#11 D:\warp\wamp\www\framework\base\CApplication.php(158): CWebApplication->processRequest()
#12 D:\warp\wamp\www\widgetgrade\index.php(13): CWebApplication->run()
REQUEST_URI=/widgetgrade/index.php/admin/showGradeValue
in D:\warp\wamp\www\widgetgrade\protected\views\admin\addGradeValue.php (40)
in D:\warp\wamp\www\widgetgrade\protected\controllers\AdminController.php (83)
in D:\warp\wamp\www\widgetgrade\index.php (13)
2012/12/05 06:51:21 [error] [php] strcmp() expects parameter 2 to be string, array given (D:\warp\wamp\www\framework\web\helpers\CHtml.php:940)
Stack trace:
#0 D:\warp\wamp\www\framework\web\CBaseController.php(119): require()
#1 D:\warp\wamp\www\framework\web\CBaseController.php(88): AdminController->renderInternal()
#2 D:\warp\wamp\www\framework\web\CController.php(866): AdminController->renderFile()
#3 D:\warp\wamp\www\framework\web\CController.php(779): AdminController->renderPartial()
#4 D:\warp\wamp\www\widgetgrade\protected\controllers\AdminController.php(83): AdminController->render()
#5 D:\warp\wamp\www\framework\web\actions\CInlineAction.php(50): AdminController->actionShowGradeValue()
#6 D:\warp\wamp\www\framework\web\CController.php(300): CInlineAction->runWithParams()
#7 D:\warp\wamp\www\framework\web\CController.php(278): AdminController->runAction()
#8 D:\warp\wamp\www\framework\web\CController.php(257): AdminController->runActionWithFilters()
#9 D:\warp\wamp\www\framework\web\CWebApplication.php(277): AdminController->run()
#10 D:\warp\wamp\www\framework\web\CWebApplication.php(136): CWebApplication->runController()
#11 D:\warp\wamp\www\framework\base\CApplication.php(158): CWebApplication->processRequest()
#12 D:\warp\wamp\www\widgetgrade\index.php(13): CWebApplication->run()
REQUEST_URI=/widgetgrade/index.php/admin/showGradeValue
in D:\warp\wamp\www\widgetgrade\protected\views\admin\addGradeValue.php (40)
in D:\warp\wamp\www\widgetgrade\protected\controllers\AdminController.php (83)
in D:\warp\wamp\www\widgetgrade\index.php (13)
2012/12/05 06:51:40 [error] [php] strcmp() expects parameter 2 to be string, array given (D:\warp\wamp\www\framework\web\helpers\CHtml.php:940)
Stack trace:
#0 D:\warp\wamp\www\framework\web\CBaseController.php(119): require()
#1 D:\warp\wamp\www\framework\web\CBaseController.php(88): AdminController->renderInternal()
#2 D:\warp\wamp\www\framework\web\CController.php(866): AdminController->renderFile()
#3 D:\warp\wamp\www\framework\web\CController.php(779): AdminController->renderPartial()
#4 D:\warp\wamp\www\widgetgrade\protected\controllers\AdminController.php(83): AdminController->render()
#5 D:\warp\wamp\www\framework\web\actions\CInlineAction.php(50): AdminController->actionShowGradeValue()
#6 D:\warp\wamp\www\framework\web\CController.php(300): CInlineAction->runWithParams()
#7 D:\warp\wamp\www\framework\web\CController.php(278): AdminController->runAction()
#8 D:\warp\wamp\www\framework\web\CController.php(257): AdminController->runActionWithFilters()
#9 D:\warp\wamp\www\framework\web\CWebApplication.php(277): AdminController->run()
#10 D:\warp\wamp\www\framework\web\CWebApplication.php(136): CWebApplication->runController()
#11 D:\warp\wamp\www\framework\base\CApplication.php(158): CWebApplication->processRequest()
#12 D:\warp\wamp\www\widgetgrade\index.php(13): CWebApplication->run()
REQUEST_URI=/widgetgrade/index.php/admin/showGradeValue
in D:\warp\wamp\www\widgetgrade\protected\views\admin\addGradeValue.php (40)
in D:\warp\wamp\www\widgetgrade\protected\controllers\AdminController.php (83)
in D:\warp\wamp\www\widgetgrade\index.php (13)
2012/12/05 06:51:41 [error] [php] strcmp() expects parameter 2 to be string, array given (D:\warp\wamp\www\framework\web\helpers\CHtml.php:940)
Stack trace:
#0 D:\warp\wamp\www\framework\web\CBaseController.php(119): require()
#1 D:\warp\wamp\www\framework\web\CBaseController.php(88): AdminController->renderInternal()
#2 D:\warp\wamp\www\framework\web\CController.php(866): AdminController->renderFile()
#3 D:\warp\wamp\www\framework\web\CController.php(779): AdminController->renderPartial()
#4 D:\warp\wamp\www\widgetgrade\protected\controllers\AdminController.php(83): AdminController->render()
#5 D:\warp\wamp\www\framework\web\actions\CInlineAction.php(50): AdminController->actionShowGradeValue()
#6 D:\warp\wamp\www\framework\web\CController.php(300): CInlineAction->runWithParams()
#7 D:\warp\wamp\www\framework\web\CController.php(278): AdminController->runAction()
#8 D:\warp\wamp\www\framework\web\CController.php(257): AdminController->runActionWithFilters()
#9 D:\warp\wamp\www\framework\web\CWebApplication.php(277): AdminController->run()
#10 D:\warp\wamp\www\framework\web\CWebApplication.php(136): CWebApplication->runController()
#11 D:\warp\wamp\www\framework\base\CApplication.php(158): CWebApplication->processRequest()
#12 D:\warp\wamp\www\widgetgrade\index.php(13): CWebApplication->run()
REQUEST_URI=/widgetgrade/index.php/admin/showGradeValue
in D:\warp\wamp\www\widgetgrade\protected\views\admin\addGradeValue.php (40)
in D:\warp\wamp\www\widgetgrade\protected\controllers\AdminController.php (83)
in D:\warp\wamp\www\widgetgrade\index.php (13)
2012/12/05 07:02:51 [error] [php] Invalid argument supplied for foreach() (D:\warp\wamp\www\framework\web\helpers\CHtml.php:938)
Stack trace:
#0 D:\warp\wamp\www\framework\web\CBaseController.php(88): AdminController->renderInternal()
#1 D:\warp\wamp\www\framework\web\CController.php(866): AdminController->renderFile()
#2 D:\warp\wamp\www\framework\web\CController.php(779): AdminController->renderPartial()
#3 D:\warp\wamp\www\widgetgrade\protected\controllers\AdminController.php(83): AdminController->render()
#4 D:\warp\wamp\www\framework\web\actions\CInlineAction.php(50): AdminController->actionShowGradeValue()
#5 D:\warp\wamp\www\framework\web\CController.php(300): CInlineAction->runWithParams()
#6 D:\warp\wamp\www\framework\web\CController.php(278): AdminController->runAction()
#7 D:\warp\wamp\www\framework\web\CController.php(257): AdminController->runActionWithFilters()
#8 D:\warp\wamp\www\framework\web\CWebApplication.php(277): AdminController->run()
#9 D:\warp\wamp\www\framework\web\CWebApplication.php(136): CWebApplication->runController()
#10 D:\warp\wamp\www\framework\base\CApplication.php(158): CWebApplication->processRequest()
#11 D:\warp\wamp\www\widgetgrade\index.php(13): CWebApplication->run()
REQUEST_URI=/widgetgrade/index.php/admin/showGradeValue
in D:\warp\wamp\www\widgetgrade\protected\views\admin\addGradeValue.php (40)
in D:\warp\wamp\www\widgetgrade\protected\controllers\AdminController.php (83)
in D:\warp\wamp\www\widgetgrade\index.php (13)
2012/12/05 07:03:16 [error] [php] Invalid argument supplied for foreach() (D:\warp\wamp\www\framework\web\helpers\CHtml.php:938)
Stack trace:
#0 D:\warp\wamp\www\framework\web\CBaseController.php(88): AdminController->renderInternal()
#1 D:\warp\wamp\www\framework\web\CController.php(866): AdminController->renderFile()
#2 D:\warp\wamp\www\framework\web\CController.php(779): AdminController->renderPartial()
#3 D:\warp\wamp\www\widgetgrade\protected\controllers\AdminController.php(83): AdminController->render()
#4 D:\warp\wamp\www\framework\web\actions\CInlineAction.php(50): AdminController->actionShowGradeValue()
#5 D:\warp\wamp\www\framework\web\CController.php(300): CInlineAction->runWithParams()
#6 D:\warp\wamp\www\framework\web\CController.php(278): AdminController->runAction()
#7 D:\warp\wamp\www\framework\web\CController.php(257): AdminController->runActionWithFilters()
#8 D:\warp\wamp\www\framework\web\CWebApplication.php(277): AdminController->run()
#9 D:\warp\wamp\www\framework\web\CWebApplication.php(136): CWebApplication->runController()
#10 D:\warp\wamp\www\framework\base\CApplication.php(158): CWebApplication->processRequest()
#11 D:\warp\wamp\www\widgetgrade\index.php(13): CWebApplication->run()
REQUEST_URI=/widgetgrade/index.php/admin/showGradeValue
in D:\warp\wamp\www\widgetgrade\protected\views\admin\addGradeValue.php (40)
in D:\warp\wamp\www\widgetgrade\protected\controllers\AdminController.php (83)
in D:\warp\wamp\www\widgetgrade\index.php (13)
2012/12/05 07:09:34 [error] [php] Undefined variable: from (D:\warp\wamp\www\widgetgrade\protected\views\admin\addGradeValue.php:33)
Stack trace:
#0 D:\warp\wamp\www\framework\web\CController.php(866): AdminController->renderFile()
#1 D:\warp\wamp\www\framework\web\CController.php(779): AdminController->renderPartial()
#2 D:\warp\wamp\www\widgetgrade\protected\controllers\AdminController.php(83): AdminController->render()
#3 D:\warp\wamp\www\framework\web\actions\CInlineAction.php(50): AdminController->actionShowGradeValue()
#4 D:\warp\wamp\www\framework\web\CController.php(300): CInlineAction->runWithParams()
#5 D:\warp\wamp\www\framework\web\CController.php(278): AdminController->runAction()
#6 D:\warp\wamp\www\framework\web\CController.php(257): AdminController->runActionWithFilters()
#7 D:\warp\wamp\www\framework\web\CWebApplication.php(277): AdminController->run()
#8 D:\warp\wamp\www\framework\web\CWebApplication.php(136): CWebApplication->runController()
#9 D:\warp\wamp\www\framework\base\CApplication.php(158): CWebApplication->processRequest()
#10 D:\warp\wamp\www\widgetgrade\index.php(13): CWebApplication->run()
REQUEST_URI=/widgetgrade/index.php/admin/showGradeValue
in D:\warp\wamp\www\widgetgrade\protected\views\admin\addGradeValue.php (33)
in D:\warp\wamp\www\widgetgrade\protected\controllers\AdminController.php (83)
in D:\warp\wamp\www\widgetgrade\index.php (13)
2012/12/05 07:10:03 [error] [php] Undefined variable: from (D:\warp\wamp\www\widgetgrade\protected\views\admin\addGradeValue.php:31)
Stack trace:
#0 D:\warp\wamp\www\framework\web\CController.php(866): AdminController->renderFile()
#1 D:\warp\wamp\www\framework\web\CController.php(779): AdminController->renderPartial()
#2 D:\warp\wamp\www\widgetgrade\protected\controllers\AdminController.php(83): AdminController->render()
#3 D:\warp\wamp\www\framework\web\actions\CInlineAction.php(50): AdminController->actionShowGradeValue()
#4 D:\warp\wamp\www\framework\web\CController.php(300): CInlineAction->runWithParams()
#5 D:\warp\wamp\www\framework\web\CController.php(278): AdminController->runAction()
#6 D:\warp\wamp\www\framework\web\CController.php(257): AdminController->runActionWithFilters()
#7 D:\warp\wamp\www\framework\web\CWebApplication.php(277): AdminController->run()
#8 D:\warp\wamp\www\framework\web\CWebApplication.php(136): CWebApplication->runController()
#9 D:\warp\wamp\www\framework\base\CApplication.php(158): CWebApplication->processRequest()
#10 D:\warp\wamp\www\widgetgrade\index.php(13): CWebApplication->run()
REQUEST_URI=/widgetgrade/index.php/admin/showGradeValue
in D:\warp\wamp\www\widgetgrade\protected\views\admin\addGradeValue.php (31)
in D:\warp\wamp\www\widgetgrade\protected\controllers\AdminController.php (83)
in D:\warp\wamp\www\widgetgrade\index.php (13)
2012/12/05 07:10:04 [error] [php] Undefined variable: from (D:\warp\wamp\www\widgetgrade\protected\views\admin\addGradeValue.php:31)
Stack trace:
#0 D:\warp\wamp\www\framework\web\CController.php(866): AdminController->renderFile()
#1 D:\warp\wamp\www\framework\web\CController.php(779): AdminController->renderPartial()
#2 D:\warp\wamp\www\widgetgrade\protected\controllers\AdminController.php(83): AdminController->render()
#3 D:\warp\wamp\www\framework\web\actions\CInlineAction.php(50): AdminController->actionShowGradeValue()
#4 D:\warp\wamp\www\framework\web\CController.php(300): CInlineAction->runWithParams()
#5 D:\warp\wamp\www\framework\web\CController.php(278): AdminController->runAction()
#6 D:\warp\wamp\www\framework\web\CController.php(257): AdminController->runActionWithFilters()
#7 D:\warp\wamp\www\framework\web\CWebApplication.php(277): AdminController->run()
#8 D:\warp\wamp\www\framework\web\CWebApplication.php(136): CWebApplication->runController()
#9 D:\warp\wamp\www\framework\base\CApplication.php(158): CWebApplication->processRequest()
#10 D:\warp\wamp\www\widgetgrade\index.php(13): CWebApplication->run()
REQUEST_URI=/widgetgrade/index.php/admin/showGradeValue
in D:\warp\wamp\www\widgetgrade\protected\views\admin\addGradeValue.php (31)
in D:\warp\wamp\www\widgetgrade\protected\controllers\AdminController.php (83)
in D:\warp\wamp\www\widgetgrade\index.php (13)
2012/12/05 07:11:20 [error] [php] Undefined index: Grade (D:\warp\wamp\www\widgetgrade\protected\controllers\AdminController.php:95)
Stack trace:
#0 D:\warp\wamp\www\framework\web\CController.php(278): AdminController->runAction()
#1 D:\warp\wamp\www\framework\web\CController.php(257): AdminController->runActionWithFilters()
#2 D:\warp\wamp\www\framework\web\CWebApplication.php(277): AdminController->run()
#3 D:\warp\wamp\www\framework\web\CWebApplication.php(136): CWebApplication->runController()
#4 D:\warp\wamp\www\framework\base\CApplication.php(158): CWebApplication->processRequest()
#5 D:\warp\wamp\www\widgetgrade\index.php(13): CWebApplication->run()
REQUEST_URI=/widgetgrade/index.php/admin/getGradeValue
in D:\warp\wamp\www\widgetgrade\protected\controllers\AdminController.php (95)
in D:\warp\wamp\www\widgetgrade\index.php (13)
2012/12/05 07:11:26 [error] [php] Undefined index: Grade (D:\warp\wamp\www\widgetgrade\protected\controllers\AdminController.php:95)
Stack trace:
#0 D:\warp\wamp\www\framework\web\CController.php(278): AdminController->runAction()
#1 D:\warp\wamp\www\framework\web\CController.php(257): AdminController->runActionWithFilters()
#2 D:\warp\wamp\www\framework\web\CWebApplication.php(277): AdminController->run()
#3 D:\warp\wamp\www\framework\web\CWebApplication.php(136): CWebApplication->runController()
#4 D:\warp\wamp\www\framework\base\CApplication.php(158): CWebApplication->processRequest()
#5 D:\warp\wamp\www\widgetgrade\index.php(13): CWebApplication->run()
REQUEST_URI=/widgetgrade/index.php/admin/getGradeValue
in D:\warp\wamp\www\widgetgrade\protected\controllers\AdminController.php (95)
in D:\warp\wamp\www\widgetgrade\index.php (13)
2012/12/05 07:11:28 [error] [exception.CHttpException.404] exception 'CHttpException' with message '系统无法找到请求的 "GradeValue" 动作.' in D:\warp\wamp\www\framework\web\CController.php:477
Stack trace:
#0 D:\warp\wamp\www\framework\web\CController.php(262): CController->missingAction('GradeValue')
#1 D:\warp\wamp\www\framework\web\CWebApplication.php(277): CController->run('GradeValue')
#2 D:\warp\wamp\www\framework\web\CWebApplication.php(136): CWebApplication->runController('admin/GradeValu...')
#3 D:\warp\wamp\www\framework\base\CApplication.php(158): CWebApplication->processRequest()
#4 D:\warp\wamp\www\widgetgrade\index.php(13): CApplication->run()
#5 {main} REQUEST_URI=/widgetgrade/index.php/admin/GradeValue
2012/12/05 07:28:13 [error] [php] Undefined index: Grade (D:\warp\wamp\www\widgetgrade\protected\controllers\AdminController.php:95)
Stack trace:
#0 D:\warp\wamp\www\framework\web\CController.php(278): AdminController->runAction()
#1 D:\warp\wamp\www\framework\web\CController.php(257): AdminController->runActionWithFilters()
#2 D:\warp\wamp\www\framework\web\CWebApplication.php(277): AdminController->run()
#3 D:\warp\wamp\www\framework\web\CWebApplication.php(136): CWebApplication->runController()
#4 D:\warp\wamp\www\framework\base\CApplication.php(158): CWebApplication->processRequest()
#5 D:\warp\wamp\www\widgetgrade\index.php(13): CWebApplication->run()
REQUEST_URI=/widgetgrade/index.php/admin/getGradeValue
in D:\warp\wamp\www\widgetgrade\protected\controllers\AdminController.php (95)
in D:\warp\wamp\www\widgetgrade\index.php (13)
2012/12/05 07:28:34 [error] [php] Undefined index: Grade (D:\warp\wamp\www\widgetgrade\protected\controllers\AdminController.php:95)
Stack trace:
#0 D:\warp\wamp\www\framework\web\CController.php(278): AdminController->runAction()
#1 D:\warp\wamp\www\framework\web\CController.php(257): AdminController->runActionWithFilters()
#2 D:\warp\wamp\www\framework\web\CWebApplication.php(277): AdminController->run()
#3 D:\warp\wamp\www\framework\web\CWebApplication.php(136): CWebApplication->runController()
#4 D:\warp\wamp\www\framework\base\CApplication.php(158): CWebApplication->processRequest()
#5 D:\warp\wamp\www\widgetgrade\index.php(13): CWebApplication->run()
REQUEST_URI=/widgetgrade/index.php/admin/getGradeValue
in D:\warp\wamp\www\widgetgrade\protected\controllers\AdminController.php (95)
in D:\warp\wamp\www\widgetgrade\index.php (13)
2012/12/05 07:33:54 [error] [php] Undefined index: Grade (D:\warp\wamp\www\widgetgrade\protected\controllers\AdminController.php:95)
Stack trace:
#0 D:\warp\wamp\www\framework\web\CController.php(278): AdminController->runAction()
#1 D:\warp\wamp\www\framework\web\CController.php(257): AdminController->runActionWithFilters()
#2 D:\warp\wamp\www\framework\web\CWebApplication.php(277): AdminController->run()
#3 D:\warp\wamp\www\framework\web\CWebApplication.php(136): CWebApplication->runController()
#4 D:\warp\wamp\www\framework\base\CApplication.php(158): CWebApplication->processRequest()
#5 D:\warp\wamp\www\widgetgrade\index.php(13): CWebApplication->run()
REQUEST_URI=/widgetgrade/index.php/admin/getGradeValue
in D:\warp\wamp\www\widgetgrade\protected\controllers\AdminController.php (95)
in D:\warp\wamp\www\widgetgrade\index.php (13)
2012/12/05 07:34:55 [error] [php] Undefined index: Grade (D:\warp\wamp\www\widgetgrade\protected\controllers\AdminController.php:95)
Stack trace:
#0 D:\warp\wamp\www\framework\web\CController.php(278): AdminController->runAction()
#1 D:\warp\wamp\www\framework\web\CController.php(257): AdminController->runActionWithFilters()
#2 D:\warp\wamp\www\framework\web\CWebApplication.php(277): AdminController->run()
#3 D:\warp\wamp\www\framework\web\CWebApplication.php(136): CWebApplication->runController()
#4 D:\warp\wamp\www\framework\base\CApplication.php(158): CWebApplication->processRequest()
#5 D:\warp\wamp\www\widgetgrade\index.php(13): CWebApplication->run()
REQUEST_URI=/widgetgrade/index.php/admin/getGradeValue
in D:\warp\wamp\www\widgetgrade\protected\controllers\AdminController.php (95)
in D:\warp\wamp\www\widgetgrade\index.php (13)
2012/12/05 07:34:59 [error] [php] Undefined index: GradeItem (D:\warp\wamp\www\widgetgrade\protected\controllers\AdminController.php:97)
Stack trace:
#0 D:\warp\wamp\www\framework\web\CController.php(278): AdminController->runAction()
#1 D:\warp\wamp\www\framework\web\CController.php(257): AdminController->runActionWithFilters()
#2 D:\warp\wamp\www\framework\web\CWebApplication.php(277): AdminController->run()
#3 D:\warp\wamp\www\framework\web\CWebApplication.php(136): CWebApplication->runController()
#4 D:\warp\wamp\www\framework\base\CApplication.php(158): CWebApplication->processRequest()
#5 D:\warp\wamp\www\widgetgrade\index.php(13): CWebApplication->run()
REQUEST_URI=/widgetgrade/index.php/admin/getGradeValue
in D:\warp\wamp\www\widgetgrade\protected\controllers\AdminController.php (97)
in D:\warp\wamp\www\widgetgrade\index.php (13)
2012/12/05 07:35:15 [error] [php] Undefined index: GradeItem (D:\warp\wamp\www\widgetgrade\protected\controllers\AdminController.php:97)
Stack trace:
#0 D:\warp\wamp\www\framework\web\CController.php(278): AdminController->runAction()
#1 D:\warp\wamp\www\framework\web\CController.php(257): AdminController->runActionWithFilters()
#2 D:\warp\wamp\www\framework\web\CWebApplication.php(277): AdminController->run()
#3 D:\warp\wamp\www\framework\web\CWebApplication.php(136): CWebApplication->runController()
#4 D:\warp\wamp\www\framework\base\CApplication.php(158): CWebApplication->processRequest()
#5 D:\warp\wamp\www\widgetgrade\index.php(13): CWebApplication->run()
REQUEST_URI=/widgetgrade/index.php/admin/getGradeValue
in D:\warp\wamp\www\widgetgrade\protected\controllers\AdminController.php (97)
in D:\warp\wamp\www\widgetgrade\index.php (13)
2012/12/05 07:37:15 [error] [php] Undefined index: GradeItem (D:\warp\wamp\www\widgetgrade\protected\controllers\AdminController.php:103)
Stack trace:
#0 D:\warp\wamp\www\framework\web\CController.php(278): AdminController->runAction()
#1 D:\warp\wamp\www\framework\web\CController.php(257): AdminController->runActionWithFilters()
#2 D:\warp\wamp\www\framework\web\CWebApplication.php(277): AdminController->run()
#3 D:\warp\wamp\www\framework\web\CWebApplication.php(136): CWebApplication->runController()
#4 D:\warp\wamp\www\framework\base\CApplication.php(158): CWebApplication->processRequest()
#5 D:\warp\wamp\www\widgetgrade\index.php(13): CWebApplication->run()
REQUEST_URI=/widgetgrade/index.php/admin/getGradeValue
in D:\warp\wamp\www\widgetgrade\protected\controllers\AdminController.php (103)
in D:\warp\wamp\www\widgetgrade\index.php (13)
2012/12/05 07:44:16 [error] [php] Undefined index: 19 (D:\warp\wamp\www\widgetgrade\protected\controllers\AdminController.php:99)
Stack trace:
#0 D:\warp\wamp\www\framework\web\CController.php(278): AdminController->runAction()
#1 D:\warp\wamp\www\framework\web\CController.php(257): AdminController->runActionWithFilters()
#2 D:\warp\wamp\www\framework\web\CWebApplication.php(277): AdminController->run()
#3 D:\warp\wamp\www\framework\web\CWebApplication.php(136): CWebApplication->runController()
#4 D:\warp\wamp\www\framework\base\CApplication.php(158): CWebApplication->processRequest()
#5 D:\warp\wamp\www\widgetgrade\index.php(13): CWebApplication->run()
REQUEST_URI=/widgetgrade/index.php/admin/getGradeValue
in D:\warp\wamp\www\widgetgrade\protected\controllers\AdminController.php (99)
in D:\warp\wamp\www\widgetgrade\index.php (13)
2012/12/05 07:55:52 [error] [php] Undefined variable: gradeItemForm (D:\warp\wamp\www\widgetgrade\protected\controllers\AdminController.php:101)
Stack trace:
#0 D:\warp\wamp\www\framework\web\CController.php(278): AdminController->runAction()
#1 D:\warp\wamp\www\framework\web\CController.php(257): AdminController->runActionWithFilters()
#2 D:\warp\wamp\www\framework\web\CWebApplication.php(277): AdminController->run()
#3 D:\warp\wamp\www\framework\web\CWebApplication.php(136): CWebApplication->runController()
#4 D:\warp\wamp\www\framework\base\CApplication.php(158): CWebApplication->processRequest()
#5 D:\warp\wamp\www\widgetgrade\index.php(13): CWebApplication->run()
REQUEST_URI=/widgetgrade/index.php/admin/getGradeValue
in D:\warp\wamp\www\widgetgrade\protected\controllers\AdminController.php (101)
in D:\warp\wamp\www\widgetgrade\index.php (13)
2012/12/05 08:08:39 [error] [php] Undefined variable: comment (D:\warp\wamp\www\widgetgrade\protected\views\admin\addComment.php:20)
Stack trace:
#0 D:\warp\wamp\www\framework\web\CController.php(866): AdminController->renderFile()
#1 D:\warp\wamp\www\framework\web\CController.php(779): AdminController->renderPartial()
#2 D:\warp\wamp\www\widgetgrade\protected\controllers\AdminController.php(112): AdminController->render()
#3 D:\warp\wamp\www\framework\web\actions\CInlineAction.php(50): AdminController->actionShowComment()
#4 D:\warp\wamp\www\framework\web\CController.php(300): CInlineAction->runWithParams()
#5 D:\warp\wamp\www\framework\web\CController.php(278): AdminController->runAction()
#6 D:\warp\wamp\www\framework\web\CController.php(257): AdminController->runActionWithFilters()
#7 D:\warp\wamp\www\framework\web\CWebApplication.php(277): AdminController->run()
#8 D:\warp\wamp\www\framework\web\CWebApplication.php(136): CWebApplication->runController()
#9 D:\warp\wamp\www\framework\base\CApplication.php(158): CWebApplication->processRequest()
#10 D:\warp\wamp\www\widgetgrade\index.php(13): CWebApplication->run()
REQUEST_URI=/widgetgrade/index.php/admin/showComment
in D:\warp\wamp\www\widgetgrade\protected\views\admin\addComment.php (20)
in D:\warp\wamp\www\widgetgrade\protected\controllers\AdminController.php (112)
in D:\warp\wamp\www\widgetgrade\index.php (13)
2012/12/05 08:09:32 [error] [php] Undefined variable: comment (D:\warp\wamp\www\widgetgrade\protected\views\admin\addComment.php:19)
Stack trace:
#0 D:\warp\wamp\www\framework\web\CController.php(866): AdminController->renderFile()
#1 D:\warp\wamp\www\framework\web\CController.php(779): AdminController->renderPartial()
#2 D:\warp\wamp\www\widgetgrade\protected\controllers\AdminController.php(112): AdminController->render()
#3 D:\warp\wamp\www\framework\web\actions\CInlineAction.php(50): AdminController->actionShowComment()
#4 D:\warp\wamp\www\framework\web\CController.php(300): CInlineAction->runWithParams()
#5 D:\warp\wamp\www\framework\web\CController.php(278): AdminController->runAction()
#6 D:\warp\wamp\www\framework\web\CController.php(257): AdminController->runActionWithFilters()
#7 D:\warp\wamp\www\framework\web\CWebApplication.php(277): AdminController->run()
#8 D:\warp\wamp\www\framework\web\CWebApplication.php(136): CWebApplication->runController()
#9 D:\warp\wamp\www\framework\base\CApplication.php(158): CWebApplication->processRequest()
#10 D:\warp\wamp\www\widgetgrade\index.php(13): CWebApplication->run()
REQUEST_URI=/widgetgrade/index.php/admin/showComment
in D:\warp\wamp\www\widgetgrade\protected\views\admin\addComment.php (19)
in D:\warp\wamp\www\widgetgrade\protected\controllers\AdminController.php (112)
in D:\warp\wamp\www\widgetgrade\index.php (13)
2012/12/05 13:05:24 [error] [exception.CHttpException.404] exception 'CHttpException' with message '系统无法找到请求的 "$result" 动作.' in D:\warp\wamp\www\framework\web\CController.php:477
Stack trace:
#0 D:\warp\wamp\www\framework\web\CController.php(262): CController->missingAction('$result')
#1 D:\warp\wamp\www\framework\web\CWebApplication.php(277): CController->run('$result')
#2 D:\warp\wamp\www\framework\web\CWebApplication.php(136): CWebApplication->runController('admin/$result')
#3 D:\warp\wamp\www\framework\base\CApplication.php(158): CWebApplication->processRequest()
#4 D:\warp\wamp\www\widgetgrade\index.php(13): CApplication->run()
#5 {main} REQUEST_URI=/widgetgrade/index.php/admin/$result
2012/12/05 13:09:18 [error] [exception.CException] exception 'CException' with message 'SiteController 无法找到请求的视图 "addGradeValue".' in D:\warp\wamp\www\framework\web\CController.php:875
Stack trace:
#0 D:\warp\wamp\www\framework\web\CController.php(779): CController->renderPartial('addGradeValue', Array, true)
#1 D:\warp\wamp\www\widgetgrade\protected\controllers\SiteController.php(41): CController->render('addGradeValue', Array)
#2 D:\warp\wamp\www\framework\web\actions\CInlineAction.php(50): SiteController->actionUpdateGradeValue()
#3 D:\warp\wamp\www\framework\web\CController.php(300): CInlineAction->runWithParams(Array)
#4 D:\warp\wamp\www\framework\web\CController.php(278): CController->runAction(Object(CInlineAction))
#5 D:\warp\wamp\www\framework\web\CController.php(257): CController->runActionWithFilters(Object(CInlineAction), Array)
#6 D:\warp\wamp\www\framework\web\CWebApplication.php(277): CController->run('updateGradeValu...')
#7 D:\warp\wamp\www\framework\web\CWebApplication.php(136): CWebApplication->runController('site/updateGrad...')
#8 D:\warp\wamp\www\framework\base\CApplication.php(158): CWebApplication->processRequest()
#9 D:\warp\wamp\www\widgetgrade\index.php(13): CApplication->run()
#10 {main} REQUEST_URI=/widgetgrade/index.php/site/updateGradeValue
